0 info it worked if it ends with ok
1 verbose cli [ 'node', '/usr/local/bin/npm', 'adduser' ]
2 info using npm@1.4.28
3 info using node@v0.10.33
4 verbose adduser before first PUT { name: 'prestonresearch',
4 verbose adduser   password: 'XXXXX',
4 verbose adduser   email: 'scott@prestonresearch.com',
4 verbose adduser   _id: 'org.couchdb.user:prestonresearch',
4 verbose adduser   type: 'user',
4 verbose adduser   roles: [],
4 verbose adduser   date: '2015-09-15T20:54:01.295Z' }
5 verbose request where is /-/user/org.couchdb.user:prestonresearch
6 verbose request registry https://registry.npmjs.org/
7 verbose request id 10a23f1db7fddeb6
8 verbose url raw /-/user/org.couchdb.user:prestonresearch
9 verbose url resolving [ 'https://registry.npmjs.org/',
9 verbose url resolving   './-/user/org.couchdb.user:prestonresearch' ]
10 verbose url resolved https://registry.npmjs.org/-/user/org.couchdb.user:prestonresearch
11 verbose request where is https://registry.npmjs.org/-/user/org.couchdb.user:prestonresearch
12 info trying registry request attempt 1 at 16:54:01
13 http PUT https://registry.npmjs.org/-/user/org.couchdb.user:prestonresearch
14 http 400 https://registry.npmjs.org/-/user/org.couchdb.user:prestonresearch
15 verbose headers { 'content-type': 'application/json',
15 verbose headers   'cache-control': 'max-age=60',
15 verbose headers   'content-length': '57',
15 verbose headers   'accept-ranges': 'bytes',
15 verbose headers   date: 'Tue, 15 Sep 2015 20:54:03 GMT',
15 verbose headers   via: '1.1 varnish',
15 verbose headers   connection: 'keep-alive',
15 verbose headers   'x-served-by': 'cache-jfk1030-JFK',
15 verbose headers   'x-cache': 'MISS',
15 verbose headers   'x-cache-hits': '0',
15 verbose headers   'x-timer': 'S1442350442.649562,VS0,VE474' }
16 verbose adduser back [ [Error: Unknown error while authenticating : -/user/org.couchdb.user:prestonresearch],
16 verbose adduser   { ok: false, error: 'Unknown error while authenticating' },
16 verbose adduser   '{"ok":false,"error":"Unknown error while authenticating"}' ]
17 error Error: Unknown error while authenticating : -/user/org.couchdb.user:prestonresearch
17 error     at RegClient.<anonymous> (/usr/local/lib/node_modules/npm/node_modules/npm-registry-client/lib/request.js:308:14)
17 error     at Request._callback (/usr/local/lib/node_modules/npm/node_modules/npm-registry-client/lib/request.js:246:65)
17 error     at Request.self.callback (/usr/local/lib/node_modules/npm/node_modules/request/request.js:236:22)
17 error     at Request.emit (events.js:98:17)
17 error     at Request.<anonymous> (/usr/local/lib/node_modules/npm/node_modules/request/request.js:1142:14)
17 error     at Request.emit (events.js:117:20)
17 error     at IncomingMessage.<anonymous> (/usr/local/lib/node_modules/npm/node_modules/request/request.js:1096:12)
17 error     at IncomingMessage.emit (events.js:117:20)
17 error     at _stream_readable.js:943:16
17 error     at process._tickCallback (node.js:419:13)
18 error If you need help, you may report this *entire* log,
18 error including the npm and node versions, at:
18 error     <http://github.com/npm/npm/issues>
19 error System Darwin 14.5.0
20 error command "node" "/usr/local/bin/npm" "adduser"
21 error cwd /Users/spreston/workspaces/github/touch-bower
22 error node -v v0.10.33
23 error npm -v 1.4.28
24 verbose exit [ 1, true ]
